<?xml version="1.0" encoding="UTF-8"?>
<!-- Generated by org.testng.reporters.JUnitReportReporter -->
<testsuite hostname="DESKTOP-HI1RMUJ" failures="0" tests="1" name="Ekart.Tests.SubmitOrder" time="19.985" errors="0" timestamp="2025-07-14T23:58:24 IST" skipped="0">
  <testcase classname="Ekart.Tests.SubmitOrder" name="SubmitOrder" time="19.985"/>
</testsuite> <!-- Ekart.Tests.SubmitOrder -->
